2026-03-09 17:02:52 | WARNING  | discord.ext.commands.bot | Privileged message content intent is missing, commands may not work as expected.
2026-03-09 17:02:52 | INFO     | discord.client | logging in using static token
2026-03-09 17:02:53 | INFO     | survey_bot | Database tables created / verified.
2026-03-09 17:02:54 | INFO     | discord.gateway | Shard ID None has connected to Gateway (Session ID: ce9ea679b88ceea881a88122262d23d8).
2026-03-09 17:02:56 | INFO     | survey_bot | ✅ Bot ready as Survey Poll BOT#2185 | Serving 6 guild(s)
2026-03-09 17:03:15 | ERROR    | discord.app_commands.tree | Ignoring exception in autocomplete for 'survey answer' (Guild: 1252561974253064273, User: 784048691694010408)
Traceback (most recent call last):
  File "C:\Users\User\AppData\Roaming\Python\Python314\site-packages\sqlalchemy\engine\base.py", line 1910, in _execute_context
    self.dialect.do_execute(
    ~~~~~~~~~~~~~~~~~~~~~~~^
        cursor, statement, parameters, context
        ^^^^^^^^^^^^^^^^^^^^^^^^^^^^^^^^^^^^^^
    )
    ^
  File "C:\Users\User\AppData\Roaming\Python\Python314\site-packages\sqlalchemy\engine\default.py", line 736, in do_execute
    cursor.execute(statement, parameters)
    ~~~~~~~~~~~~~~^^^^^^^^^^^^^^^^^^^^^^^
  File "C:\Users\User\AppData\Roaming\Python\Python314\site-packages\sqlalchemy\dialects\sqlite\aiosqlite.py", line 108, in execute
    self._adapt_connection._handle_exception(error)
    ~~~~~~~~~~~~~~~~~~~~~~~~~~~~~~~~~~~~~~~~^^^^^^^
  File "C:\Users\User\AppData\Roaming\Python\Python314\site-packages\sqlalchemy\dialects\sqlite\aiosqlite.py", line 236, in _handle_exception
    raise error
  File "C:\Users\User\AppData\Roaming\Python\Python314\site-packages\sqlalchemy\dialects\sqlite\aiosqlite.py", line 90, in execute
    self.await_(_cursor.execute(operation, parameters))
    ~~~~~~~~~~~^^^^^^^^^^^^^^^^^^^^^^^^^^^^^^^^^^^^^^^^
  File "C:\Users\User\AppData\Roaming\Python\Python314\site-packages\sqlalchemy\util\_concurrency_py3k.py", line 70, in await_only
    return current.parent.switch(awaitable)
           ~~~~~~~~~~~~~~~~~~~~~^^^^^^^^^^^
  File "C:\Users\User\AppData\Roaming\Python\Python314\site-packages\sqlalchemy\util\_concurrency_py3k.py", line 122, in greenlet_spawn
    value = await result
            ^^^^^^^^^^^^
  File "C:\Users\User\AppData\Roaming\Python\Python314\site-packages\aiosqlite\cursor.py", line 40, in execute
    await self._execute(self._cursor.execute, sql, parameters)
  File "C:\Users\User\AppData\Roaming\Python\Python314\site-packages\aiosqlite\cursor.py", line 32, in _execute
    return await self._conn._execute(fn, *args, **kwargs)
           ^^^^^^^^^^^^^^^^^^^^^^^^^^^^^^^^^^^^^^^^^^^^^^
  File "C:\Users\User\AppData\Roaming\Python\Python314\site-packages\aiosqlite\core.py", line 160, in _execute
    return await future
           ^^^^^^^^^^^^
  File "C:\Users\User\AppData\Roaming\Python\Python314\site-packages\aiosqlite\core.py", line 63, in _connection_worker_thread
    result = function()
sqlite3.OperationalError: no such column: surveys.description

The above exception was the direct cause of the following exception:

Traceback (most recent call last):
  File "C:\Users\User\AppData\Roaming\Python\Python314\site-packages\discord\app_commands\tree.py", line 1289, in _call
    await command._invoke_autocomplete(interaction, focused, namespace)
  File "C:\Users\User\AppData\Roaming\Python\Python314\site-packages\discord\app_commands\commands.py", line 923, in _invoke_autocomplete
    choices = await param.autocomplete(interaction, value)
              ^^^^^^^^^^^^^^^^^^^^^^^^^^^^^^^^^^^^^^^^^^^^
  File "c:\Users\User\Documents\Survey Poll Bot\bot.py", line 103, in autocomplete
    result = await session.execute(
             ^^^^^^^^^^^^^^^^^^^^^^
    ...<4 lines>...
    )
    ^
  File "C:\Users\User\AppData\Roaming\Python\Python314\site-packages\sqlalchemy\ext\asyncio\session.py", line 214, in execute
    result = await greenlet_spawn(
             ^^^^^^^^^^^^^^^^^^^^^
    ...<6 lines>...
    )
    ^
  File "C:\Users\User\AppData\Roaming\Python\Python314\site-packages\sqlalchemy\util\_concurrency_py3k.py", line 127, in greenlet_spawn
    result = context.throw(*sys.exc_info())
  File "C:\Users\User\AppData\Roaming\Python\Python314\site-packages\sqlalchemy\orm\session.py", line 1717, in execute
    result = conn._execute_20(statement, params or {}, execution_options)
  File "C:\Users\User\AppData\Roaming\Python\Python314\site-packages\sqlalchemy\engine\base.py", line 1710, in _execute_20
    return meth(self, args_10style, kwargs_10style, execution_options)
  File "C:\Users\User\AppData\Roaming\Python\Python314\site-packages\sqlalchemy\sql\elements.py", line 334, in _execute_on_connection
    return connection._execute_clauseelement(
           ~~~~~~~~~~~~~~~~~~~~~~~~~~~~~~~~~^
        self, multiparams, params, execution_options
        ^^^^^^^^^^^^^^^^^^^^^^^^^^^^^^^^^^^^^^^^^^^^
    )
    ^
  File "C:\Users\User\AppData\Roaming\Python\Python314\site-packages\sqlalchemy\engine\base.py", line 1577, in _execute_clauseelement
    ret = self._execute_context(
        dialect,
    ...<8 lines>...
        cache_hit=cache_hit,
    )
  File "C:\Users\User\AppData\Roaming\Python\Python314\site-packages\sqlalchemy\engine\base.py", line 1953, in _execute_context
    self._handle_dbapi_exception(
    ~~~~~~~~~~~~~~~~~~~~~~~~~~~~^
        e, statement, parameters, cursor, context
        ^^^^^^^^^^^^^^^^^^^^^^^^^^^^^^^^^^^^^^^^^
    )
    ^
  File "C:\Users\User\AppData\Roaming\Python\Python314\site-packages\sqlalchemy\engine\base.py", line 2134, in _handle_dbapi_exception
    util.raise_(
    ~~~~~~~~~~~^
        sqlalchemy_exception, with_traceback=exc_info[2], from_=e
        ^^^^^^^^^^^^^^^^^^^^^^^^^^^^^^^^^^^^^^^^^^^^^^^^^^^^^^^^^
    )
    ^
  File "C:\Users\User\AppData\Roaming\Python\Python314\site-packages\sqlalchemy\util\compat.py", line 211, in raise_
    raise exception
  File "C:\Users\User\AppData\Roaming\Python\Python314\site-packages\sqlalchemy\engine\base.py", line 1910, in _execute_context
    self.dialect.do_execute(
    ~~~~~~~~~~~~~~~~~~~~~~~^
        cursor, statement, parameters, context
        ^^^^^^^^^^^^^^^^^^^^^^^^^^^^^^^^^^^^^^
    )
    ^
  File "C:\Users\User\AppData\Roaming\Python\Python314\site-packages\sqlalchemy\engine\default.py", line 736, in do_execute
    cursor.execute(statement, parameters)
    ~~~~~~~~~~~~~~^^^^^^^^^^^^^^^^^^^^^^^
  File "C:\Users\User\AppData\Roaming\Python\Python314\site-packages\sqlalchemy\dialects\sqlite\aiosqlite.py", line 108, in execute
    self._adapt_connection._handle_exception(error)
    ~~~~~~~~~~~~~~~~~~~~~~~~~~~~~~~~~~~~~~~~^^^^^^^
  File "C:\Users\User\AppData\Roaming\Python\Python314\site-packages\sqlalchemy\dialects\sqlite\aiosqlite.py", line 236, in _handle_exception
    raise error
  File "C:\Users\User\AppData\Roaming\Python\Python314\site-packages\sqlalchemy\dialects\sqlite\aiosqlite.py", line 90, in execute
    self.await_(_cursor.execute(operation, parameters))
    ~~~~~~~~~~~^^^^^^^^^^^^^^^^^^^^^^^^^^^^^^^^^^^^^^^^
  File "C:\Users\User\AppData\Roaming\Python\Python314\site-packages\sqlalchemy\util\_concurrency_py3k.py", line 70, in await_only
    return current.parent.switch(awaitable)
           ~~~~~~~~~~~~~~~~~~~~~^^^^^^^^^^^
  File "C:\Users\User\AppData\Roaming\Python\Python314\site-packages\sqlalchemy\util\_concurrency_py3k.py", line 122, in greenlet_spawn
    value = await result
            ^^^^^^^^^^^^
  File "C:\Users\User\AppData\Roaming\Python\Python314\site-packages\aiosqlite\cursor.py", line 40, in execute
    await self._execute(self._cursor.execute, sql, parameters)
  File "C:\Users\User\AppData\Roaming\Python\Python314\site-packages\aiosqlite\cursor.py", line 32, in _execute
    return await self._conn._execute(fn, *args, **kwargs)
           ^^^^^^^^^^^^^^^^^^^^^^^^^^^^^^^^^^^^^^^^^^^^^^
  File "C:\Users\User\AppData\Roaming\Python\Python314\site-packages\aiosqlite\core.py", line 160, in _execute
    return await future
           ^^^^^^^^^^^^
  File "C:\Users\User\AppData\Roaming\Python\Python314\site-packages\aiosqlite\core.py", line 63, in _connection_worker_thread
    result = function()
sqlalchemy.exc.OperationalError: (sqlite3.OperationalError) no such column: surveys.description
[SQL: SELECT surveys.id, surveys.title, surveys.description, surveys.creator_id, surveys.is_anonymous, surveys.is_published, surveys.is_closed, surveys.is_active, surveys.max_responses, surveys.created_at 
FROM surveys 
WHERE lower(surveys.title) LIKE lower(?) ORDER BY surveys.created_at DESC
 LIMIT ? OFFSET ?]
[parameters: ('%%', 25, 0)]
(Background on this error at: https://sqlalche.me/e/14/e3q8)
2026-03-09 17:03:21 | ERROR    | discord.app_commands.tree | Ignoring exception in autocomplete for 'survey close' (Guild: 1252561974253064273, User: 784048691694010408)
Traceback (most recent call last):
  File "C:\Users\User\AppData\Roaming\Python\Python314\site-packages\sqlalchemy\engine\base.py", line 1910, in _execute_context
    self.dialect.do_execute(
    ~~~~~~~~~~~~~~~~~~~~~~~^
        cursor, statement, parameters, context
        ^^^^^^^^^^^^^^^^^^^^^^^^^^^^^^^^^^^^^^
    )
    ^
  File "C:\Users\User\AppData\Roaming\Python\Python314\site-packages\sqlalchemy\engine\default.py", line 736, in do_execute
    cursor.execute(statement, parameters)
    ~~~~~~~~~~~~~~^^^^^^^^^^^^^^^^^^^^^^^
  File "C:\Users\User\AppData\Roaming\Python\Python314\site-packages\sqlalchemy\dialects\sqlite\aiosqlite.py", line 108, in execute
    self._adapt_connection._handle_exception(error)
    ~~~~~~~~~~~~~~~~~~~~~~~~~~~~~~~~~~~~~~~~^^^^^^^
  File "C:\Users\User\AppData\Roaming\Python\Python314\site-packages\sqlalchemy\dialects\sqlite\aiosqlite.py", line 236, in _handle_exception
    raise error
  File "C:\Users\User\AppData\Roaming\Python\Python314\site-packages\sqlalchemy\dialects\sqlite\aiosqlite.py", line 90, in execute
    self.await_(_cursor.execute(operation, parameters))
    ~~~~~~~~~~~^^^^^^^^^^^^^^^^^^^^^^^^^^^^^^^^^^^^^^^^
  File "C:\Users\User\AppData\Roaming\Python\Python314\site-packages\sqlalchemy\util\_concurrency_py3k.py", line 70, in await_only
    return current.parent.switch(awaitable)
           ~~~~~~~~~~~~~~~~~~~~~^^^^^^^^^^^
  File "C:\Users\User\AppData\Roaming\Python\Python314\site-packages\sqlalchemy\util\_concurrency_py3k.py", line 122, in greenlet_spawn
    value = await result
            ^^^^^^^^^^^^
  File "C:\Users\User\AppData\Roaming\Python\Python314\site-packages\aiosqlite\cursor.py", line 40, in execute
    await self._execute(self._cursor.execute, sql, parameters)
  File "C:\Users\User\AppData\Roaming\Python\Python314\site-packages\aiosqlite\cursor.py", line 32, in _execute
    return await self._conn._execute(fn, *args, **kwargs)
           ^^^^^^^^^^^^^^^^^^^^^^^^^^^^^^^^^^^^^^^^^^^^^^
  File "C:\Users\User\AppData\Roaming\Python\Python314\site-packages\aiosqlite\core.py", line 160, in _execute
    return await future
           ^^^^^^^^^^^^
  File "C:\Users\User\AppData\Roaming\Python\Python314\site-packages\aiosqlite\core.py", line 63, in _connection_worker_thread
    result = function()
sqlite3.OperationalError: no such column: surveys.description

The above exception was the direct cause of the following exception:

Traceback (most recent call last):
  File "C:\Users\User\AppData\Roaming\Python\Python314\site-packages\discord\app_commands\tree.py", line 1289, in _call
    await command._invoke_autocomplete(interaction, focused, namespace)
  File "C:\Users\User\AppData\Roaming\Python\Python314\site-packages\discord\app_commands\commands.py", line 923, in _invoke_autocomplete
    choices = await param.autocomplete(interaction, value)
              ^^^^^^^^^^^^^^^^^^^^^^^^^^^^^^^^^^^^^^^^^^^^
  File "c:\Users\User\Documents\Survey Poll Bot\bot.py", line 103, in autocomplete
    result = await session.execute(
             ^^^^^^^^^^^^^^^^^^^^^^
    ...<4 lines>...
    )
    ^
  File "C:\Users\User\AppData\Roaming\Python\Python314\site-packages\sqlalchemy\ext\asyncio\session.py", line 214, in execute
    result = await greenlet_spawn(
             ^^^^^^^^^^^^^^^^^^^^^
    ...<6 lines>...
    )
    ^
  File "C:\Users\User\AppData\Roaming\Python\Python314\site-packages\sqlalchemy\util\_concurrency_py3k.py", line 127, in greenlet_spawn
    result = context.throw(*sys.exc_info())
  File "C:\Users\User\AppData\Roaming\Python\Python314\site-packages\sqlalchemy\orm\session.py", line 1717, in execute
    result = conn._execute_20(statement, params or {}, execution_options)
  File "C:\Users\User\AppData\Roaming\Python\Python314\site-packages\sqlalchemy\engine\base.py", line 1710, in _execute_20
    return meth(self, args_10style, kwargs_10style, execution_options)
  File "C:\Users\User\AppData\Roaming\Python\Python314\site-packages\sqlalchemy\sql\elements.py", line 334, in _execute_on_connection
    return connection._execute_clauseelement(
           ~~~~~~~~~~~~~~~~~~~~~~~~~~~~~~~~~^
        self, multiparams, params, execution_options
        ^^^^^^^^^^^^^^^^^^^^^^^^^^^^^^^^^^^^^^^^^^^^
    )
    ^
  File "C:\Users\User\AppData\Roaming\Python\Python314\site-packages\sqlalchemy\engine\base.py", line 1577, in _execute_clauseelement
    ret = self._execute_context(
        dialect,
    ...<8 lines>...
        cache_hit=cache_hit,
    )
  File "C:\Users\User\AppData\Roaming\Python\Python314\site-packages\sqlalchemy\engine\base.py", line 1953, in _execute_context
    self._handle_dbapi_exception(
    ~~~~~~~~~~~~~~~~~~~~~~~~~~~~^
        e, statement, parameters, cursor, context
        ^^^^^^^^^^^^^^^^^^^^^^^^^^^^^^^^^^^^^^^^^
    )
    ^
  File "C:\Users\User\AppData\Roaming\Python\Python314\site-packages\sqlalchemy\engine\base.py", line 2134, in _handle_dbapi_exception
    util.raise_(
    ~~~~~~~~~~~^
        sqlalchemy_exception, with_traceback=exc_info[2], from_=e
        ^^^^^^^^^^^^^^^^^^^^^^^^^^^^^^^^^^^^^^^^^^^^^^^^^^^^^^^^^
    )
    ^
  File "C:\Users\User\AppData\Roaming\Python\Python314\site-packages\sqlalchemy\util\compat.py", line 211, in raise_
    raise exception
  File "C:\Users\User\AppData\Roaming\Python\Python314\site-packages\sqlalchemy\engine\base.py", line 1910, in _execute_context
    self.dialect.do_execute(
    ~~~~~~~~~~~~~~~~~~~~~~~^
        cursor, statement, parameters, context
        ^^^^^^^^^^^^^^^^^^^^^^^^^^^^^^^^^^^^^^
    )
    ^
  File "C:\Users\User\AppData\Roaming\Python\Python314\site-packages\sqlalchemy\engine\default.py", line 736, in do_execute
    cursor.execute(statement, parameters)
    ~~~~~~~~~~~~~~^^^^^^^^^^^^^^^^^^^^^^^
  File "C:\Users\User\AppData\Roaming\Python\Python314\site-packages\sqlalchemy\dialects\sqlite\aiosqlite.py", line 108, in execute
    self._adapt_connection._handle_exception(error)
    ~~~~~~~~~~~~~~~~~~~~~~~~~~~~~~~~~~~~~~~~^^^^^^^
  File "C:\Users\User\AppData\Roaming\Python\Python314\site-packages\sqlalchemy\dialects\sqlite\aiosqlite.py", line 236, in _handle_exception
    raise error
  File "C:\Users\User\AppData\Roaming\Python\Python314\site-packages\sqlalchemy\dialects\sqlite\aiosqlite.py", line 90, in execute
    self.await_(_cursor.execute(operation, parameters))
    ~~~~~~~~~~~^^^^^^^^^^^^^^^^^^^^^^^^^^^^^^^^^^^^^^^^
  File "C:\Users\User\AppData\Roaming\Python\Python314\site-packages\sqlalchemy\util\_concurrency_py3k.py", line 70, in await_only
    return current.parent.switch(awaitable)
           ~~~~~~~~~~~~~~~~~~~~~^^^^^^^^^^^
  File "C:\Users\User\AppData\Roaming\Python\Python314\site-packages\sqlalchemy\util\_concurrency_py3k.py", line 122, in greenlet_spawn
    value = await result
            ^^^^^^^^^^^^
  File "C:\Users\User\AppData\Roaming\Python\Python314\site-packages\aiosqlite\cursor.py", line 40, in execute
    await self._execute(self._cursor.execute, sql, parameters)
  File "C:\Users\User\AppData\Roaming\Python\Python314\site-packages\aiosqlite\cursor.py", line 32, in _execute
    return await self._conn._execute(fn, *args, **kwargs)
           ^^^^^^^^^^^^^^^^^^^^^^^^^^^^^^^^^^^^^^^^^^^^^^
  File "C:\Users\User\AppData\Roaming\Python\Python314\site-packages\aiosqlite\core.py", line 160, in _execute
    return await future
           ^^^^^^^^^^^^
  File "C:\Users\User\AppData\Roaming\Python\Python314\site-packages\aiosqlite\core.py", line 63, in _connection_worker_thread
    result = function()
sqlalchemy.exc.OperationalError: (sqlite3.OperationalError) no such column: surveys.description
[SQL: SELECT surveys.id, surveys.title, surveys.description, surveys.creator_id, surveys.is_anonymous, surveys.is_published, surveys.is_closed, surveys.is_active, surveys.max_responses, surveys.created_at 
FROM surveys 
WHERE lower(surveys.title) LIKE lower(?) ORDER BY surveys.created_at DESC
 LIMIT ? OFFSET ?]
[parameters: ('%%', 25, 0)]
(Background on this error at: https://sqlalche.me/e/14/e3q8)
2026-03-09 17:03:29 | ERROR    | discord.app_commands.tree | Ignoring exception in autocomplete for 'survey close' (Guild: 1252561974253064273, User: 784048691694010408)
Traceback (most recent call last):
  File "C:\Users\User\AppData\Roaming\Python\Python314\site-packages\sqlalchemy\engine\base.py", line 1910, in _execute_context
    self.dialect.do_execute(
    ~~~~~~~~~~~~~~~~~~~~~~~^
        cursor, statement, parameters, context
        ^^^^^^^^^^^^^^^^^^^^^^^^^^^^^^^^^^^^^^
    )
    ^
  File "C:\Users\User\AppData\Roaming\Python\Python314\site-packages\sqlalchemy\engine\default.py", line 736, in do_execute
    cursor.execute(statement, parameters)
    ~~~~~~~~~~~~~~^^^^^^^^^^^^^^^^^^^^^^^
  File "C:\Users\User\AppData\Roaming\Python\Python314\site-packages\sqlalchemy\dialects\sqlite\aiosqlite.py", line 108, in execute
    self._adapt_connection._handle_exception(error)
    ~~~~~~~~~~~~~~~~~~~~~~~~~~~~~~~~~~~~~~~~^^^^^^^
  File "C:\Users\User\AppData\Roaming\Python\Python314\site-packages\sqlalchemy\dialects\sqlite\aiosqlite.py", line 236, in _handle_exception
    raise error
  File "C:\Users\User\AppData\Roaming\Python\Python314\site-packages\sqlalchemy\dialects\sqlite\aiosqlite.py", line 90, in execute
    self.await_(_cursor.execute(operation, parameters))
    ~~~~~~~~~~~^^^^^^^^^^^^^^^^^^^^^^^^^^^^^^^^^^^^^^^^
  File "C:\Users\User\AppData\Roaming\Python\Python314\site-packages\sqlalchemy\util\_concurrency_py3k.py", line 70, in await_only
    return current.parent.switch(awaitable)
           ~~~~~~~~~~~~~~~~~~~~~^^^^^^^^^^^
  File "C:\Users\User\AppData\Roaming\Python\Python314\site-packages\sqlalchemy\util\_concurrency_py3k.py", line 122, in greenlet_spawn
    value = await result
            ^^^^^^^^^^^^
  File "C:\Users\User\AppData\Roaming\Python\Python314\site-packages\aiosqlite\cursor.py", line 40, in execute
    await self._execute(self._cursor.execute, sql, parameters)
  File "C:\Users\User\AppData\Roaming\Python\Python314\site-packages\aiosqlite\cursor.py", line 32, in _execute
    return await self._conn._execute(fn, *args, **kwargs)
           ^^^^^^^^^^^^^^^^^^^^^^^^^^^^^^^^^^^^^^^^^^^^^^
  File "C:\Users\User\AppData\Roaming\Python\Python314\site-packages\aiosqlite\core.py", line 160, in _execute
    return await future
           ^^^^^^^^^^^^
  File "C:\Users\User\AppData\Roaming\Python\Python314\site-packages\aiosqlite\core.py", line 63, in _connection_worker_thread
    result = function()
sqlite3.OperationalError: no such column: surveys.description

The above exception was the direct cause of the following exception:

Traceback (most recent call last):
  File "C:\Users\User\AppData\Roaming\Python\Python314\site-packages\discord\app_commands\tree.py", line 1289, in _call
    await command._invoke_autocomplete(interaction, focused, namespace)
  File "C:\Users\User\AppData\Roaming\Python\Python314\site-packages\discord\app_commands\commands.py", line 923, in _invoke_autocomplete
    choices = await param.autocomplete(interaction, value)
              ^^^^^^^^^^^^^^^^^^^^^^^^^^^^^^^^^^^^^^^^^^^^
  File "c:\Users\User\Documents\Survey Poll Bot\bot.py", line 103, in autocomplete
    result = await session.execute(
             ^^^^^^^^^^^^^^^^^^^^^^
    ...<4 lines>...
    )
    ^
  File "C:\Users\User\AppData\Roaming\Python\Python314\site-packages\sqlalchemy\ext\asyncio\session.py", line 214, in execute
    result = await greenlet_spawn(
             ^^^^^^^^^^^^^^^^^^^^^
    ...<6 lines>...
    )
    ^
  File "C:\Users\User\AppData\Roaming\Python\Python314\site-packages\sqlalchemy\util\_concurrency_py3k.py", line 127, in greenlet_spawn
    result = context.throw(*sys.exc_info())
  File "C:\Users\User\AppData\Roaming\Python\Python314\site-packages\sqlalchemy\orm\session.py", line 1717, in execute
    result = conn._execute_20(statement, params or {}, execution_options)
  File "C:\Users\User\AppData\Roaming\Python\Python314\site-packages\sqlalchemy\engine\base.py", line 1710, in _execute_20
    return meth(self, args_10style, kwargs_10style, execution_options)
  File "C:\Users\User\AppData\Roaming\Python\Python314\site-packages\sqlalchemy\sql\elements.py", line 334, in _execute_on_connection
    return connection._execute_clauseelement(
           ~~~~~~~~~~~~~~~~~~~~~~~~~~~~~~~~~^
        self, multiparams, params, execution_options
        ^^^^^^^^^^^^^^^^^^^^^^^^^^^^^^^^^^^^^^^^^^^^
    )
    ^
  File "C:\Users\User\AppData\Roaming\Python\Python314\site-packages\sqlalchemy\engine\base.py", line 1577, in _execute_clauseelement
    ret = self._execute_context(
        dialect,
    ...<8 lines>...
        cache_hit=cache_hit,
    )
  File "C:\Users\User\AppData\Roaming\Python\Python314\site-packages\sqlalchemy\engine\base.py", line 1953, in _execute_context
    self._handle_dbapi_exception(
    ~~~~~~~~~~~~~~~~~~~~~~~~~~~~^
        e, statement, parameters, cursor, context
        ^^^^^^^^^^^^^^^^^^^^^^^^^^^^^^^^^^^^^^^^^
    )
    ^
  File "C:\Users\User\AppData\Roaming\Python\Python314\site-packages\sqlalchemy\engine\base.py", line 2134, in _handle_dbapi_exception
    util.raise_(
    ~~~~~~~~~~~^
        sqlalchemy_exception, with_traceback=exc_info[2], from_=e
        ^^^^^^^^^^^^^^^^^^^^^^^^^^^^^^^^^^^^^^^^^^^^^^^^^^^^^^^^^
    )
    ^
  File "C:\Users\User\AppData\Roaming\Python\Python314\site-packages\sqlalchemy\util\compat.py", line 211, in raise_
    raise exception
  File "C:\Users\User\AppData\Roaming\Python\Python314\site-packages\sqlalchemy\engine\base.py", line 1910, in _execute_context
    self.dialect.do_execute(
    ~~~~~~~~~~~~~~~~~~~~~~~^
        cursor, statement, parameters, context
        ^^^^^^^^^^^^^^^^^^^^^^^^^^^^^^^^^^^^^^
    )
    ^
  File "C:\Users\User\AppData\Roaming\Python\Python314\site-packages\sqlalchemy\engine\default.py", line 736, in do_execute
    cursor.execute(statement, parameters)
    ~~~~~~~~~~~~~~^^^^^^^^^^^^^^^^^^^^^^^
  File "C:\Users\User\AppData\Roaming\Python\Python314\site-packages\sqlalchemy\dialects\sqlite\aiosqlite.py", line 108, in execute
    self._adapt_connection._handle_exception(error)
    ~~~~~~~~~~~~~~~~~~~~~~~~~~~~~~~~~~~~~~~~^^^^^^^
  File "C:\Users\User\AppData\Roaming\Python\Python314\site-packages\sqlalchemy\dialects\sqlite\aiosqlite.py", line 236, in _handle_exception
    raise error
  File "C:\Users\User\AppData\Roaming\Python\Python314\site-packages\sqlalchemy\dialects\sqlite\aiosqlite.py", line 90, in execute
    self.await_(_cursor.execute(operation, parameters))
    ~~~~~~~~~~~^^^^^^^^^^^^^^^^^^^^^^^^^^^^^^^^^^^^^^^^
  File "C:\Users\User\AppData\Roaming\Python\Python314\site-packages\sqlalchemy\util\_concurrency_py3k.py", line 70, in await_only
    return current.parent.switch(awaitable)
           ~~~~~~~~~~~~~~~~~~~~~^^^^^^^^^^^
  File "C:\Users\User\AppData\Roaming\Python\Python314\site-packages\sqlalchemy\util\_concurrency_py3k.py", line 122, in greenlet_spawn
    value = await result
            ^^^^^^^^^^^^
  File "C:\Users\User\AppData\Roaming\Python\Python314\site-packages\aiosqlite\cursor.py", line 40, in execute
    await self._execute(self._cursor.execute, sql, parameters)
  File "C:\Users\User\AppData\Roaming\Python\Python314\site-packages\aiosqlite\cursor.py", line 32, in _execute
    return await self._conn._execute(fn, *args, **kwargs)
           ^^^^^^^^^^^^^^^^^^^^^^^^^^^^^^^^^^^^^^^^^^^^^^
  File "C:\Users\User\AppData\Roaming\Python\Python314\site-packages\aiosqlite\core.py", line 160, in _execute
    return await future
           ^^^^^^^^^^^^
  File "C:\Users\User\AppData\Roaming\Python\Python314\site-packages\aiosqlite\core.py", line 63, in _connection_worker_thread
    result = function()
sqlalchemy.exc.OperationalError: (sqlite3.OperationalError) no such column: surveys.description
[SQL: SELECT surveys.id, surveys.title, surveys.description, surveys.creator_id, surveys.is_anonymous, surveys.is_published, surveys.is_closed, surveys.is_active, surveys.max_responses, surveys.created_at 
FROM surveys 
WHERE lower(surveys.title) LIKE lower(?) ORDER BY surveys.created_at DESC
 LIMIT ? OFFSET ?]
[parameters: ('%%', 25, 0)]
(Background on this error at: https://sqlalche.me/e/14/e3q8)
